<?xml version="1.0" encoding="UTF-8"?>
<testng-results ignored="0" total="1" passed="1" failed="0" skipped="0">
  <reporter-output>
  </reporter-output>
  <suite started-at="2024-03-05T16:35:29 IST" name="Default suite" finished-at="2024-03-05T16:35:35 IST" duration-ms="6425">
    <groups>
    </groups>
    <test started-at="2024-03-05T16:35:29 IST" name="Default test" finished-at="2024-03-05T16:35:35 IST" duration-ms="6425">
      <class name="apppiumtraining.iosInBuiltAppTest">
        <test-method is-config="true" signature="ConfigureAppium()[pri:0, instance:apppiumtraining.iosInBuiltAppTest@1b11171f]" started-at="2024-03-05T16:35:29 IST" name="ConfigureAppium" finished-at="2024-03-05T16:35:30 IST" duration-ms="1109" status="PASS">
          <reporter-output>
          </reporter-output>
        </test-method> <!-- ConfigureAppium -->
        <test-method signature="iosDefualtApp()[pri:0, instance:apppiumtraining.iosInBuiltAppTest@1b11171f]" started-at="2024-03-05T16:35:30 IST" name="iosDefualtApp" finished-at="2024-03-05T16:35:35 IST" duration-ms="5281" status="PASS">
          <reporter-output>
          </reporter-output>
        </test-method> <!-- iosDefualtApp -->
        <test-method is-config="true" signature="TearDown()[pri:0, instance:apppiumtraining.iosInBuiltAppTest@1b11171f]" started-at="2024-03-05T16:35:35 IST" name="TearDown" finished-at="2024-03-05T16:35:35 IST" duration-ms="20" status="PASS">
          <reporter-output>
          </reporter-output>
        </test-method> <!-- TearDown -->
      </class> <!-- apppiumtraining.iosInBuiltAppTest -->
    </test> <!-- Default test -->
  </suite> <!-- Default suite -->
</testng-results>
